This file contains any messages produced by compilers while
running configure, to aid debugging if configure makes a mistake.

It was created by FULL-PACKAGE-NAME configure VERSION, which was
generated by GNU Autoconf 2.61.  Invocation command line was

  $ ./configure 

## --------- ##
## Platform. ##
## --------- ##

hostname = LAPTOP-UCVRJ0AE
uname -m = x86_64
uname -r = 3.6.4-1.x86_64
uname -s = CYGWIN_NT-10.0-26100
uname -v = 2025-07-15 07:55 UTC

/usr/bin/uname -p = unknown
/bin/uname -X     = unknown

/bin/arch              = x86_64
/usr/bin/arch -k       = unknown
/usr/convex/getsysinfo = unknown
/usr/bin/hostinfo      = unknown
/bin/machine           = unknown
/usr/bin/oslevel       = unknown
/bin/universe          = unknown

PATH: /usr/local/bin
PATH: /usr/bin
PATH: /cygdrive/c/Program Files/Microsoft/jdk-11.0.12.7-hotspot/bin
PATH: /cygdrive/c/Program Files (x86)/Common Files/Apple/Apple Application Support
PATH: /cygdrive/c/WINDOWS/system32
PATH: /cygdrive/c/WINDOWS
PATH: /cygdrive/c/WINDOWS/System32/Wbem
PATH: /cygdrive/c/WINDOWS/System32/WindowsPowerShell/v1.0
PATH: /cygdrive/c/WINDOWS/System32/OpenSSH
PATH: /cygdrive/c/Program Files (x86)/Fujitsu/FJAgent/Core/bin
PATH: /cygdrive/c/Program Files (x86)/Common Files/Roxio Shared/DLLShared
PATH: /cygdrive/c/Program Files (x86)/Common Files/Roxio Shared/OEM/12.0/DLLShared
PATH: /cygdrive/c/Program Files (x86)/Roxio 2010/OEM/AudioCore
PATH: /cygdrive/c/Program Files/dotnet
PATH: /cygdrive/c/Users/Shishido/AppData/Local/Programs/Python/Python310
PATH: /cygdrive/c/Users/Shishido/AppData/Local/Programs/Python/Python310/Scripts
PATH: /cygdrive/c/MinGW/bin
PATH: /cygdrive/c/WINDOWS/system32
PATH: /cygdrive/c/WINDOWS
PATH: /cygdrive/c/WINDOWS/System32/Wbem
PATH: /cygdrive/c/WINDOWS/System32/WindowsPowerShell/v1.0
PATH: /cygdrive/c/WINDOWS/System32/OpenSSH
PATH: /cygdrive/c/Program Files/MATLAB/R2023b/bin
PATH: /cygdrive/c/Program Files/Git/cmd
PATH: %JAVA_HOME&/bin
PATH: /cygdrive/c/ProgramData/chocolatey/bin
PATH: /cygdrive/c/Users/Shishido/AppData/Local/Programs/Python/Python313/Scripts
PATH: /cygdrive/c/Users/Shishido/AppData/Local/Programs/Python/Python313
PATH: /cygdrive/c/Users/Shishido/AppData/Local/Programs/Python/Python310/Scripts
PATH: /cygdrive/c/Users/Shishido/AppData/Local/Programs/Python/Python310
PATH: /cygdrive/c/Users/Shishido/AppData/Local/Microsoft/WindowsApps
PATH: /cygdrive/c/Users/Shishido/.dotnet/tools
PATH: /cygdrive/c/Users/Shishido/AppData/Local/Programs/Microsoft VS Code/bin
PATH: /cygdrive/c/MinGW/bin
PATH: /cygdrive/c/Users/Shishido/AppData/Local/Microsoft/WinGet/Packages/Schniz.fnm_Microsoft.Winget.Source_8wekyb3d8bbwe
PATH: /usr/lib/lapack


## ----------- ##
## Core tests. ##
## ----------- ##

configure:1737: checking for gcc
configure:1753: found /usr/bin/gcc
configure:1764: result: gcc
configure:2002: checking for C compiler version
configure:2009: gcc --version >&5
gcc (GCC) 13.4.0
Copyright (C) 2023 Free Software Foundation, Inc.
This is free software; see the source for copying conditions.  There is NO
warranty; not even for MERCHANTABILITY or FITNESS FOR A PARTICULAR PURPOSE.

configure:2012: $? = 0
configure:2019: gcc -v >&5
Using built-in specs.
COLLECT_GCC=gcc
COLLECT_LTO_WRAPPER=/usr/lib/gcc/x86_64-pc-cygwin/13/lto-wrapper.exe
Target: x86_64-pc-cygwin
Configured with: /mnt/share/packages/gccmake/gcc-13/gcc/gcc.x86_64/src/gcc-13.4.0/configure --srcdir=/mnt/share/packages/gccmake/gcc-13/gcc/gcc.x86_64/src/gcc-13.4.0 --prefix=/usr --exec-prefix=/usr --localstatedir=/var --sysconfdir=/etc --docdir=/usr/share/doc/gcc --htmldir=/usr/share/doc/gcc/html -C --build=x86_64-pc-cygwin --host=x86_64-pc-cygwin --target=x86_64-pc-cygwin --without-libiconv-prefix --without-libintl-prefix --libexecdir=/usr/lib --with-gcc-major-version-only --enable-shared --enable-shared-libgcc --enable-static --enable-version-specific-runtime-libs --enable-bootstrap --enable-__cxa_atexit --enable-clocale=newlib --with-dwarf2 --with-tune=generic --enable-languages=ada,c,c++,fortran,lto,objc,obj-c++,jit --enable-graphite --enable-threads=posix --enable-libatomic --enable-libgomp --enable-libquadmath --enable-libquadmath-support --disable-libssp --enable-libada --disable-symvers --disable-multilib --with-gnu-ld --with-gnu-as --with-cloog-include=/usr/include/cloog-isl --without-libiconv-prefix --without-libintl-prefix --with-system-zlib --enable-linker-build-id --with-default-libstdcxx-abi=gcc4-compatible --enable-libstdcxx-filesystem-ts
Thread model: posix
Supported LTO compression algorithms: zlib zstd
gcc version 13.4.0 (GCC) 
configure:2022: $? = 0
configure:2029: gcc -V >&5
gcc: error: unrecognized command-line option '-V'
gcc: fatal error: no input files
compilation terminated.
configure:2032: $? = 1
configure:2055: checking for C compiler default output file name
configure:2082: gcc    conftest.c  >&5
configure:2085: $? = 0
configure:2123: result: a.exe
configure:2140: checking whether the C compiler works
configure:2150: ./a.exe
configure:2153: $? = 0
configure:2170: result: yes
configure:2177: checking whether we are cross compiling
configure:2179: result: no
configure:2182: checking for suffix of executables
configure:2189: gcc -o conftest.exe    conftest.c  >&5
configure:2192: $? = 0
configure:2216: result: .exe
configure:2222: checking for suffix of object files
configure:2248: gcc -c   conftest.c >&5
configure:2251: $? = 0
configure:2274: result: o
configure:2278: checking whether we are using the GNU C compiler
configure:2307: gcc -c   conftest.c >&5
configure:2313: $? = 0
configure:2330: result: yes
configure:2335: checking whether gcc accepts -g
configure:2365: gcc -c -g  conftest.c >&5
configure:2371: $? = 0
configure:2470: result: yes
configure:2487: checking for gcc option to accept ISO C89
configure:2561: gcc  -c -g -O2  conftest.c >&5
configure:2567: $? = 0
configure:2590: result: none needed
configure:2615: checking for inet_addr in -lnsl
configure:2650: gcc -o conftest.exe -g -O2   conftest.c -lnsl   >&5
configure:2656: $? = 0
configure:2674: result: yes
configure:2687: checking for socket in -lsocket
configure:2722: gcc -o conftest.exe -g -O2   conftest.c -lsocket  -lnsl  >&5
/usr/lib/gcc/x86_64-pc-cygwin/13/../../../../x86_64-pc-cygwin/bin/ld: cannot find -lsocket: No such file or directory
collect2: error: ld returned 1 exit status
configure:2728: $? = 1
configure: failed program was:
| /* confdefs.h.  */
| #define PACKAGE_NAME "FULL-PACKAGE-NAME"
| #define PACKAGE_TARNAME "full-package-name"
| #define PACKAGE_VERSION "VERSION"
| #define PACKAGE_STRING "FULL-PACKAGE-NAME VERSION"
| #define PACKAGE_BUGREPORT "BUG-REPORT-ADDRESS"
| #define HAVE_LIBNSL 1
| /* end confdefs.h.  */
| 
| /* Override any GCC internal prototype to avoid an error.
|    Use char because int might match the return type of a GCC
|    builtin and then its argument prototype would still apply.  */
| #ifdef __cplusplus
| extern "C"
| #endif
| char socket ();
| int
| main ()
| {
| return socket ();
|   ;
|   return 0;
| }
configure:2746: result: no
configure:2764: checking how to run the C preprocessor
configure:2804: gcc -E  conftest.c
configure:2810: $? = 0
configure:2841: gcc -E  conftest.c
conftest.c:9:10: fatal error: ac_nonexistent.h: No such file or directory
    9 | #include <ac_nonexistent.h>
      |          ^~~~~~~~~~~~~~~~~~
compilation terminated.
configure:2847: $? = 1
configure: failed program was:
| /* confdefs.h.  */
| #define PACKAGE_NAME "FULL-PACKAGE-NAME"
| #define PACKAGE_TARNAME "full-package-name"
| #define PACKAGE_VERSION "VERSION"
| #define PACKAGE_STRING "FULL-PACKAGE-NAME VERSION"
| #define PACKAGE_BUGREPORT "BUG-REPORT-ADDRESS"
| #define HAVE_LIBNSL 1
| /* end confdefs.h.  */
| #include <ac_nonexistent.h>
configure:2880: result: gcc -E
configure:2909: gcc -E  conftest.c
configure:2915: $? = 0
configure:2946: gcc -E  conftest.c
conftest.c:9:10: fatal error: ac_nonexistent.h: No such file or directory
    9 | #include <ac_nonexistent.h>
      |          ^~~~~~~~~~~~~~~~~~
compilation terminated.
configure:2952: $? = 1
configure: failed program was:
| /* confdefs.h.  */
| #define PACKAGE_NAME "FULL-PACKAGE-NAME"
| #define PACKAGE_TARNAME "full-package-name"
| #define PACKAGE_VERSION "VERSION"
| #define PACKAGE_STRING "FULL-PACKAGE-NAME VERSION"
| #define PACKAGE_BUGREPORT "BUG-REPORT-ADDRESS"
| #define HAVE_LIBNSL 1
| /* end confdefs.h.  */
| #include <ac_nonexistent.h>
configure:2990: checking for grep that handles long lines and -e
configure:3064: result: /usr/bin/grep
configure:3069: checking for egrep
configure:3147: result: /usr/bin/grep -E
configure:3152: checking for ANSI C header files
configure:3182: gcc -c -g -O2  conftest.c >&5
configure:3188: $? = 0
configure:3287: gcc -o conftest.exe -g -O2   conftest.c -lnsl  >&5
configure:3290: $? = 0
configure:3296: ./conftest.exe
configure:3299: $? = 0
configure:3316: result: yes
configure:3340: checking for sys/types.h
configure:3361: gcc -c -g -O2  conftest.c >&5
configure:3367: $? = 0
configure:3383: result: yes
configure:3340: checking for sys/stat.h
configure:3361: gcc -c -g -O2  conftest.c >&5
configure:3367: $? = 0
configure:3383: result: yes
configure:3340: checking for stdlib.h
configure:3361: gcc -c -g -O2  conftest.c >&5
configure:3367: $? = 0
configure:3383: result: yes
configure:3340: checking for string.h
configure:3361: gcc -c -g -O2  conftest.c >&5
configure:3367: $? = 0
configure:3383: result: yes
configure:3340: checking for memory.h
configure:3361: gcc -c -g -O2  conftest.c >&5
configure:3367: $? = 0
configure:3383: result: yes
configure:3340: checking for strings.h
configure:3361: gcc -c -g -O2  conftest.c >&5
configure:3367: $? = 0
configure:3383: result: yes
configure:3340: checking for inttypes.h
configure:3361: gcc -c -g -O2  conftest.c >&5
configure:3367: $? = 0
configure:3383: result: yes
configure:3340: checking for stdint.h
configure:3361: gcc -c -g -O2  conftest.c >&5
configure:3367: $? = 0
configure:3383: result: yes
configure:3340: checking for unistd.h
configure:3361: gcc -c -g -O2  conftest.c >&5
configure:3367: $? = 0
configure:3383: result: yes
configure:3416: checking arpa/inet.h usability
configure:3433: gcc -c -g -O2  conftest.c >&5
configure:3439: $? = 0
configure:3453: result: yes
configure:3457: checking arpa/inet.h presence
configure:3472: gcc -E  conftest.c
configure:3478: $? = 0
configure:3492: result: yes
configure:3525: checking for arpa/inet.h
configure:3533: result: yes
configure:3416: checking netdb.h usability
configure:3433: gcc -c -g -O2  conftest.c >&5
configure:3439: $? = 0
configure:3453: result: yes
configure:3457: checking netdb.h presence
configure:3472: gcc -E  conftest.c
configure:3478: $? = 0
configure:3492: result: yes
configure:3525: checking for netdb.h
configure:3533: result: yes
configure:3416: checking netinet/in.h usability
configure:3433: gcc -c -g -O2  conftest.c >&5
configure:3439: $? = 0
configure:3453: result: yes
configure:3457: checking netinet/in.h presence
configure:3472: gcc -E  conftest.c
configure:3478: $? = 0
configure:3492: result: yes
configure:3525: checking for netinet/in.h
configure:3533: result: yes
configure:3406: checking for stdlib.h
configure:3412: result: yes
configure:3406: checking for string.h
configure:3412: result: yes
configure:3416: checking sys/socket.h usability
configure:3433: gcc -c -g -O2  conftest.c >&5
configure:3439: $? = 0
configure:3453: result: yes
configure:3457: checking sys/socket.h presence
configure:3472: gcc -E  conftest.c
configure:3478: $? = 0
configure:3492: result: yes
configure:3525: checking for sys/socket.h
configure:3533: result: yes
configure:3406: checking for unistd.h
configure:3412: result: yes
configure:3548: checking for an ANSI C-conforming const
configure:3623: gcc -c -g -O2  conftest.c >&5
configure:3629: $? = 0
configure:3644: result: yes
configure:3655: checking for uint16_t
configure:3686: gcc -c -g -O2  conftest.c >&5
configure:3692: $? = 0
configure:3713: result: yes
configure:3727: checking for uint32_t
configure:3758: gcc -c -g -O2  conftest.c >&5
configure:3764: $? = 0
configure:3785: result: yes
configure:3810: checking for bzero
configure:3866: gcc -o conftest.exe -g -O2   conftest.c -lnsl  >&5
conftest.c:49:6: warning: conflicting types for built-in function 'bzero'; expected 'void(void *, long unsigned int)' [-Wbuiltin-declaration-mismatch]
   49 | char bzero ();
      |      ^~~~~
configure:3872: $? = 0
configure:3890: result: yes
configure:3810: checking for gethostbyname
configure:3866: gcc -o conftest.exe -g -O2   conftest.c -lnsl  >&5
configure:3872: $? = 0
configure:3890: result: yes
configure:3810: checking for socket
configure:3866: gcc -o conftest.exe -g -O2   conftest.c -lnsl  >&5
configure:3872: $? = 0
configure:3890: result: yes
configure:4026: creating ./config.status

## ---------------------- ##
## Running config.status. ##
## ---------------------- ##

This file was extended by FULL-PACKAGE-NAME config.status VERSION, which was
generated by GNU Autoconf 2.61.  Invocation command line was

  CONFIG_FILES    = 
  CONFIG_HEADERS  = 
  CONFIG_LINKS    = 
  CONFIG_COMMANDS = 
  $ ./config.status 

on LAPTOP-UCVRJ0AE

config.status:574: creating Makefile

## ---------------- ##
## Cache variables. ##
## ---------------- ##

ac_cv_c_compiler_gnu=yes
ac_cv_c_const=yes
ac_cv_c_uint16_t=yes
ac_cv_c_uint32_t=yes
ac_cv_env_CC_set=
ac_cv_env_CC_value=
ac_cv_env_CFLAGS_set=
ac_cv_env_CFLAGS_value=
ac_cv_env_CPPFLAGS_set=
ac_cv_env_CPPFLAGS_value=
ac_cv_env_CPP_set=
ac_cv_env_CPP_value=
ac_cv_env_LDFLAGS_set=
ac_cv_env_LDFLAGS_value=
ac_cv_env_LIBS_set=
ac_cv_env_LIBS_value=
ac_cv_env_build_alias_set=
ac_cv_env_build_alias_value=
ac_cv_env_host_alias_set=
ac_cv_env_host_alias_value=
ac_cv_env_target_alias_set=
ac_cv_env_target_alias_value=
ac_cv_exeext=.exe
ac_cv_func_bzero=yes
ac_cv_func_gethostbyname=yes
ac_cv_func_socket=yes
ac_cv_header_arpa_inet_h=yes
ac_cv_header_inttypes_h=yes
ac_cv_header_memory_h=yes
ac_cv_header_netdb_h=yes
ac_cv_header_netinet_in_h=yes
ac_cv_header_stdc=yes
ac_cv_header_stdint_h=yes
ac_cv_header_stdlib_h=yes
ac_cv_header_string_h=yes
ac_cv_header_strings_h=yes
ac_cv_header_sys_socket_h=yes
ac_cv_header_sys_stat_h=yes
ac_cv_header_sys_types_h=yes
ac_cv_header_unistd_h=yes
ac_cv_lib_nsl_inet_addr=yes
ac_cv_lib_socket_socket=no
ac_cv_objext=o
ac_cv_path_EGREP='/usr/bin/grep -E'
ac_cv_path_GREP=/usr/bin/grep
ac_cv_prog_CPP='gcc -E'
ac_cv_prog_ac_ct_CC=gcc
ac_cv_prog_cc_c89=
ac_cv_prog_cc_g=yes

## ----------------- ##
## Output variables. ##
## ----------------- ##

CC='gcc'
CFLAGS='-g -O2'
CPP='gcc -E'
CPPFLAGS=''
DEFS='-DPACKAGE_NAME=\"FULL-PACKAGE-NAME\" -DPACKAGE_TARNAME=\"full-package-name\" -DPACKAGE_VERSION=\"VERSION\" -DPACKAGE_STRING=\"FULL-PACKAGE-NAME\ VERSION\" -DPACKAGE_BUGREPORT=\"BUG-REPORT-ADDRESS\" -DHAVE_LIBNSL=1 -DSTDC_HEADERS=1 -DHAVE_SYS_TYPES_H=1 -DHAVE_SYS_STAT_H=1 -DHAVE_STDLIB_H=1 -DHAVE_STRING_H=1 -DHAVE_MEMORY_H=1 -DHAVE_STRINGS_H=1 -DHAVE_INTTYPES_H=1 -DHAVE_STDINT_H=1 -DHAVE_UNISTD_H=1 -DHAVE_ARPA_INET_H=1 -DHAVE_NETDB_H=1 -DHAVE_NETINET_IN_H=1 -DHAVE_STDLIB_H=1 -DHAVE_STRING_H=1 -DHAVE_SYS_SOCKET_H=1 -DHAVE_UNISTD_H=1 -DHAVE_BZERO=1 -DHAVE_GETHOSTBYNAME=1 -DHAVE_SOCKET=1'
ECHO_C=''
ECHO_N='-n'
ECHO_T=''
EGREP='/usr/bin/grep -E'
EXEEXT='.exe'
GREP='/usr/bin/grep'
LDFLAGS=''
LIBOBJS=''
LIBS='-lnsl '
LTLIBOBJS=''
OBJEXT='o'
PACKAGE_BUGREPORT='BUG-REPORT-ADDRESS'
PACKAGE_NAME='FULL-PACKAGE-NAME'
PACKAGE_STRING='FULL-PACKAGE-NAME VERSION'
PACKAGE_TARNAME='full-package-name'
PACKAGE_VERSION='VERSION'
PATH_SEPARATOR=':'
SHELL='/bin/sh'
ac_ct_CC='gcc'
bindir='${exec_prefix}/bin'
build_alias=''
datadir='${datarootdir}'
datarootdir='${prefix}/share'
docdir='${datarootdir}/doc/${PACKAGE_TARNAME}'
dvidir='${docdir}'
exec_prefix='${prefix}'
host_alias=''
htmldir='${docdir}'
includedir='${prefix}/include'
infodir='${datarootdir}/info'
libdir='${exec_prefix}/lib'
libexecdir='${exec_prefix}/libexec'
localedir='${datarootdir}/locale'
localstatedir='${prefix}/var'
mandir='${datarootdir}/man'
oldincludedir='/usr/include'
pdfdir='${docdir}'
prefix='/usr/local'
program_transform_name='s,x,x,'
psdir='${docdir}'
sbindir='${exec_prefix}/sbin'
sharedstatedir='${prefix}/com'
sysconfdir='${prefix}/etc'
target_alias=''

## ----------- ##
## confdefs.h. ##
## ----------- ##

#define PACKAGE_NAME "FULL-PACKAGE-NAME"
#define PACKAGE_TARNAME "full-package-name"
#define PACKAGE_VERSION "VERSION"
#define PACKAGE_STRING "FULL-PACKAGE-NAME VERSION"
#define PACKAGE_BUGREPORT "BUG-REPORT-ADDRESS"
#define HAVE_LIBNSL 1
#define STDC_HEADERS 1
#define HAVE_SYS_TYPES_H 1
#define HAVE_SYS_STAT_H 1
#define HAVE_STDLIB_H 1
#define HAVE_STRING_H 1
#define HAVE_MEMORY_H 1
#define HAVE_STRINGS_H 1
#define HAVE_INTTYPES_H 1
#define HAVE_STDINT_H 1
#define HAVE_UNISTD_H 1
#define HAVE_ARPA_INET_H 1
#define HAVE_NETDB_H 1
#define HAVE_NETINET_IN_H 1
#define HAVE_STDLIB_H 1
#define HAVE_STRING_H 1
#define HAVE_SYS_SOCKET_H 1
#define HAVE_UNISTD_H 1
#define HAVE_BZERO 1
#define HAVE_GETHOSTBYNAME 1
#define HAVE_SOCKET 1

configure: exit 0
